<?xml version="1.0" encoding="UTF-8"?>
<testsuite name="TestSuite" time="228.674" tests="27" errors="0" skipped="0" failures="0">
  <properties>
    <property name="java.vendor" value="Oracle Corporation"/>
    <property name="JOB_NAME" value="SoftwareTestingTutorialsandAutomation_Pom.Xml"/>
    <property name="sun.java.launcher" value="SUN_STANDARD"/>
    <property name="NUMBER_OF_PROCESSORS" value="4"/>
    <property name="sun.management.compiler" value="HotSpot 64-Bit Tiered Compilers"/>
    <property name="JENKINS_HOME" value="C:\Users\Venkatakrishna\.jenkins"/>
    <property name="HUDSON_SERVER_COOKIE" value="4cba229946f8e3a2"/>
    <property name="POM_ARTIFACTID" value="SoftwareTestingTutorialsandAutomation"/>
    <property name="SynaProgDir" value="Synaptics\SynTP"/>
    <property name="os.name" value="Windows 10"/>
    <property name="sun.boot.class.path" value="C:\Program Files\Java\jdk1.8.0_241\jre\lib\resources.jar;C:\Program Files\Java\jdk1.8.0_241\jre\lib\rt.jar;C:\Program Files\Java\jdk1.8.0_241\jre\lib\sunrsasign.jar;C:\Program Files\Java\jdk1.8.0_241\jre\lib\jsse.jar;C:\Program Files\Java\jdk1.8.0_241\jre\lib\jce.jar;C:\Program Files\Java\jdk1.8.0_241\jre\lib\charsets.jar;C:\Program Files\Java\jdk1.8.0_241\jre\lib\jfr.jar;C:\Program Files\Java\jdk1.8.0_241\jre\classes"/>
    <property name="EXECUTOR_NUMBER" value="0"/>
    <property name="sun.desktop" value="windows"/>
    <property name="PATHEXT" value=".COM;.EXE;.BAT;.CMD;.VBS;.VBE;.JS;.JSE;.WSF;.WSH;.MSC"/>
    <property name="java.vm.specification.vendor" value="Oracle Corporation"/>
    <property name="POM_DISPLAYNAME" value="SoftwareTestingTutorialsandAutomation"/>
    <property name="NODE_LABELS" value="master"/>
    <property name="TEMP" value="C:\Users\VENKAT~1\AppData\Local\Temp"/>
    <property name="java.runtime.version" value="1.8.0_241-b07"/>
    <property name="user.name" value="Venkatakrishna"/>
    <property name="guice.disable.misplaced.annotation.check" value="true"/>
    <property name="CommonProgramW6432" value="C:\Program Files\Common Files"/>
    <property name="ProgramFiles" value="C:\Program Files"/>
    <property name="PROMPT" value="$P$G"/>
    <property name="user.language" value="en"/>
    <property name="JOB_BASE_NAME" value="SoftwareTestingTutorialsandAutomation_Pom.Xml"/>
    <property name="RUN_CHANGES_DISPLAY_URL" value="http://localhost:8080/job/SoftwareTestingTutorialsandAutomation_Pom.Xml/9/display/redirect?page=changes"/>
    <property name="BUILD_DISPLAY_NAME" value="#9"/>
    <property name="OneDrive" value="C:\Users\Venkatakrishna\OneDrive"/>
    <property name="sun.boot.library.path" value="C:\Program Files\Java\jdk1.8.0_241\jre\bin"/>
    <property name="LOCALAPPDATA" value="C:\Users\Venkatakrishna\AppData\Local"/>
    <property name="java.version" value="1.8.0_241"/>
    <property name="PROCESSOR_LEVEL" value="6"/>
    <property name="user.timezone" value="Asia/Calcutta"/>
    <property name="USERNAME" value="Venkatakrishna"/>
    <property name="sun.arch.data.model" value="64"/>
    <property name="NODE_NAME" value="master"/>
    <property name="java.endorsed.dirs" value="C:\Program Files\Java\jdk1.8.0_241\jre\lib\endorsed"/>
    <property name="BUILD_ID" value="9"/>
    <property name="sun.cpu.isalist" value="amd64"/>
    <property name="sun.jnu.encoding" value="Cp1252"/>
    <property name="file.encoding.pkg" value="sun.io"/>
    <property name="file.separator" value="\"/>
    <property name="java.specification.name" value="Java Platform API Specification"/>
    <property name="HOMEDRIVE" value="C:"/>
    <property name="maven.conf" value="C:\Users\user\Downloads\apache-maven-3.6.3-bin\apache-maven-3.6.3\conf"/>
    <property name="java.class.version" value="52.0"/>
    <property name="=::" value="::\"/>
    <property name="org.slf4j.simpleLogger.defaultLogLevel" value="info"/>
    <property name="user.country" value="US"/>
    <property name="ALLUSERSPROFILE" value="C:\ProgramData"/>
    <property name="java.home" value="C:\Program Files\Java\jdk1.8.0_241\jre"/>
    <property name="java.vm.info" value="mixed mode"/>
    <property name="os.version" value="10.0"/>
    <property name="RUN_DISPLAY_URL" value="http://localhost:8080/job/SoftwareTestingTutorialsandAutomation_Pom.Xml/9/display/redirect"/>
    <property name="POM_VERSION" value="0.0.1-SNAPSHOT"/>
    <property name="TMP" value="C:\Users\VENKAT~1\AppData\Local\Temp"/>
    <property name="path.separator" value=";"/>
    <property name="java.vm.version" value="25.241-b07"/>
    <property name="user.variant" value=""/>
    <property name="JOB_DISPLAY_URL" value="http://localhost:8080/job/SoftwareTestingTutorialsandAutomation_Pom.Xml/display/redirect"/>
    <property name="CommonProgramFiles(x86)" value="C:\Program Files (x86)\Common Files"/>
    <property name="USERDOMAIN_ROAMINGPROFILE" value="SYSTEM"/>
    <property name="java.awt.printerjob" value="sun.awt.windows.WPrinterJob"/>
    <property name="JAVA_HOME" value="C:\Program Files\Java\jdk1.8.0_241"/>
    <property name="sun.io.unicode.encoding" value="UnicodeLittle"/>
    <property name="CommonProgramFiles" value="C:\Program Files\Common Files"/>
    <property name="ComSpec" value="C:\Windows\system32\cmd.exe"/>
    <property name="HOMEPATH" value="\Users\Venkatakrishna"/>
    <property name="awt.toolkit" value="sun.awt.windows.WToolkit"/>
    <property name="POM_PACKAGING" value="jar"/>
    <property name="user.script" value=""/>
    <property name="COMPUTERNAME" value="SYSTEM"/>
    <property name="POM_GROUPID" value="SoftwareTestingTutorialsandAutomation"/>
    <property name="user.home" value="C:\Users\Venkatakrishna"/>
    <property name="PUBLIC" value="C:\Users\Public"/>
    <property name="BUILD_TAG" value="jenkins-SoftwareTestingTutorialsandAutomation_Pom.Xml-9"/>
    <property name="JENKINS_SERVER_COOKIE" value="4cba229946f8e3a2"/>
    <property name="HUDSON_URL" value="http://localhost:8080/"/>
    <property name="ProgramData" value="C:\ProgramData"/>
    <property name="java.specification.vendor" value="Oracle Corporation"/>
    <property name="USERPROFILE" value="C:\Users\Venkatakrishna"/>
    <property name="CLASSPATH" value=""/>
    <property name="java.vendor.url" value="http://java.oracle.com/"/>
    <property name="java.library.path" value="C:\Program Files\Java\jdk1.8.0_241\bin;C:\Windows\Sun\Java\bin;C:\Windows\system32;C:\Windows;C:\Users\user\Downloads\apache-maven-3.6.3-bin\apache-maven-3.6.3/bin;C:\Program Files\Java\jdk1.8.0_241/bin;C:\Program Files\Java\jdk1.8.0_241/bin;C:\Program Files (x86)\Common Files\Oracle\Java\javapath;C:\Windows\system32;C:\Windows;C:\Windows\System32\Wbem;C:\Windows\System32\WindowsPowerShell\v1.0\;C:\Windows\System32\OpenSSH\;C:\Program Files\Java\jdk1.8.0_241\bin;C:\Users\user\Downloads\apache-maven-3.6.3-bin\apache-maven-3.6.3\bin;C:\Program Files\nodejs\;C:\Program Files\Git\cmd;C:\Users\Venkatakrishna\AppData\Local\Microsoft\WindowsApps;;C:\Users\Venkatakrishna\AppData\Local\Programs\Microsoft VS Code\bin;."/>
    <property name="java.vm.vendor" value="Oracle Corporation"/>
    <property name="APPDATA" value="C:\Users\Venkatakrishna\AppData\Roaming"/>
    <property name="java.runtime.name" value="Java(TM) SE Runtime Environment"/>
    <property name="maven.home" value="C:\Users\user\Downloads\apache-maven-3.6.3-bin\apache-maven-3.6.3"/>
    <property name="java.class.path" value="C:\Users\Venkatakrishna\.jenkins\plugins\maven-plugin\WEB-INF\lib\maven35-agent-1.13.jar;C:\Users\user\Downloads\apache-maven-3.6.3-bin\apache-maven-3.6.3\boot\plexus-classworlds-2.6.0.jar;C:\Users\user\Downloads\apache-maven-3.6.3-bin\apache-maven-3.6.3/conf/logging"/>
    <property name="sun.java.command" value="jenkins.maven3.agent.Maven35Main C:\Users\user\Downloads\apache-maven-3.6.3-bin\apache-maven-3.6.3 C:\Users\Venkatakrishna\.jenkins\war\WEB-INF\lib\remoting-4.2.jar C:\Users\Venkatakrishna\.jenkins\plugins\maven-plugin\WEB-INF\lib\maven35-interceptor-1.13.jar C:\Users\Venkatakrishna\.jenkins\plugins\maven-plugin\WEB-INF\lib\maven3-interceptor-commons-1.13.jar 51300"/>
    <property name="Path" value="C:\Program Files\Java\jdk1.8.0_241/bin;C:\Program Files (x86)\Common Files\Oracle\Java\javapath;C:\Windows\system32;C:\Windows;C:\Windows\System32\Wbem;C:\Windows\System32\WindowsPowerShell\v1.0\;C:\Windows\System32\OpenSSH\;C:\Program Files\Java\jdk1.8.0_241\bin;C:\Users\user\Downloads\apache-maven-3.6.3-bin\apache-maven-3.6.3\bin;C:\Program Files\nodejs\;C:\Program Files\Git\cmd;C:\Users\Venkatakrishna\AppData\Local\Microsoft\WindowsApps;;C:\Users\Venkatakrishna\AppData\Local\Programs\Microsoft VS Code\bin"/>
    <property name="java.vm.specification.name" value="Java Virtual Machine Specification"/>
    <property name="PROCESSOR_ARCHITECTURE" value="AMD64"/>
    <property name="PATH+JDK" value="C:\Program Files\Java\jdk1.8.0_241/bin"/>
    <property name="PROCESSOR_IDENTIFIER" value="Intel64 Family 6 Model 58 Stepping 9, GenuineIntel"/>
    <property name="SESSIONNAME" value="Console"/>
    <property name="java.vm.specification.version" value="1.8"/>
    <property name="NODE_HOME" value="C:\Program Files\nodejs"/>
    <property name="sun.os.patch.level" value=""/>
    <property name="sun.cpu.endian" value="little"/>
    <property name="M2_HOME" value="C:\Users\user\Downloads\apache-maven-3.6.3-bin\apache-maven-3.6.3"/>
    <property name="java.io.tmpdir" value="C:\Users\VENKAT~1\AppData\Local\Temp\"/>
    <property name="OS" value="Windows_NT"/>
    <property name="HUDSON_HOME" value="C:\Users\Venkatakrishna\.jenkins"/>
    <property name="PATH+MAVEN" value="C:\Users\user\Downloads\apache-maven-3.6.3-bin\apache-maven-3.6.3/bin"/>
    <property name="ProgramFiles(x86)" value="C:\Program Files (x86)"/>
    <property name="BUILD_URL" value="http://localhost:8080/job/SoftwareTestingTutorialsandAutomation_Pom.Xml/9/"/>
    <property name="java.vendor.url.bug" value="http://bugreport.sun.com/bugreport/"/>
    <property name="java.awt.graphicsenv" value="sun.awt.Win32GraphicsEnvironment"/>
    <property name="os.arch" value="amd64"/>
    <property name="SystemRoot" value="C:\Windows"/>
    <property name="java.ext.dirs" value="C:\Program Files\Java\jdk1.8.0_241\jre\lib\ext;C:\Windows\Sun\Java\lib\ext"/>
    <property name="user.dir" value="C:\Users\Venkatakrishna\Desktop\SoftwareTestingTutorialsandAutomation"/>
    <property name="JOB_URL" value="http://localhost:8080/job/SoftwareTestingTutorialsandAutomation_Pom.Xml/"/>
    <property name="LOGONSERVER" value="\\SYSTEM"/>
    <property name="USERDOMAIN" value="SYSTEM"/>
    <property name="line.separator" value="&#10;"/>
    <property name="MAVEN_HOME" value="C:\Users\user\Downloads\apache-maven-3.6.3-bin\apache-maven-3.6.3"/>
    <property name="java.vm.name" value="Java HotSpot(TM) 64-Bit Server VM"/>
    <property name="BUILD_NUMBER" value="9"/>
    <property name="JENKINS_URL" value="http://localhost:8080/"/>
    <property name="PROCESSOR_REVISION" value="3a09"/>
    <property name="ProgramW6432" value="C:\Program Files"/>
    <property name="windir" value="C:\Windows"/>
    <property name="=C:" value="C:\Users\Venkatakrishna"/>
    <property name="file.encoding" value="Cp1252"/>
    <property name="SystemDrive" value="C:"/>
    <property name="maven3.interceptor" value="C:\Users\Venkatakrishna\.jenkins\plugins\maven-plugin\WEB-INF\lib\maven35-interceptor-1.13.jar"/>
    <property name="WORKSPACE_TMP" value="C:\Users\Venkatakrishna\.jenkins\workspace\SoftwareTestingTutorialsandAutomation_Pom.Xml@tmp"/>
    <property name="WORKSPACE" value="C:\Users\Venkatakrishna\.jenkins\workspace\SoftwareTestingTutorialsandAutomation_Pom.Xml"/>
    <property name="maven3.interceptor.common" value="C:\Users\Venkatakrishna\.jenkins\plugins\maven-plugin\WEB-INF\lib\maven3-interceptor-commons-1.13.jar"/>
    <property name="java.specification.version" value="1.8"/>
    <property name="PSModulePath" value="C:\Program Files\WindowsPowerShell\Modules;C:\Windows\system32\WindowsPowerShell\v1.0\Modules"/>
    <property name="DriverData" value="C:\Windows\System32\Drivers\DriverData"/>
  </properties>
  <testcase name="testdragAndDrop" classname="com.STTA.testCases.TC_DragAndDropAnElement_001" time="11.889"/>
  <testcase name="LogIn_Test" classname="com.STTA.testCases.TC_DataproviderDDT_002" time="7.291"/>
  <testcase name="LogIn_Test" classname="com.STTA.testCases.TC_DataproviderDDT_002" time="5.352"/>
  <testcase name="LogIn_Test" classname="com.STTA.testCases.TC_DataproviderDDT_002" time="4.574"/>
  <testcase name="LogIn_Test" classname="com.STTA.testCases.TC_DataproviderDDT_002" time="5.358"/>
  <testcase name="testCal" classname="com.STTA.testCases.TC_IEBrowserSampleTest_003" time="4.494"/>
  <testcase name="testCheckbox" classname="com.STTA.testCases.TC_HandleCheckbox_004" time="8.903"/>
  <testcase name="testmethodone" classname="com.STTA.testCases.TC_HandleCheckbox_004" time="3.359"/>
  <testcase name="testBrowsercmds" classname="com.STTA.testCases.TC_NavigationCommands_005" time="18.264"/>
  <testcase name="testCaptureScreenshot" classname="com.STTA.testCases.TC_CaptureScreenShot_008" time="4.412"/>
  <testcase name="testGeneratingMouseHoverEventOnMainMenuToClickOnSubMenu" classname="com.STTA.testCases.TC_GeneratingMouseHoverEventOnMainMenuToClickOnSubMenu_009" time="7.163"/>
  <testcase name="testHandlingMultipleBrowserWindows" classname="com.STTA.testCases.TC_HandlingMultipleBrowserWindows_010" time="30.136"/>
  <testcase name="testHandlingJSAlerts" classname="com.STTA.testCases.TC_HandlingJSAlerts_012" time="12.416"/>
  <testcase name="testHighlightElement" classname="com.STTA.testCases.TC_HighlightElement_013" time="14.787"/>
  <testcase name="testReadingFontProperties" classname="com.STTA.testCases.TC_ReadingFontProperties_014" time="3.355"/>
  <testcase name="testDiffBetFindElementAndFindElements" classname="com.STTA.testCases.TC_DiffBetFindElementAndFindElements_015" time="6.523"/>
  <testcase name="testDiffBetClickAndSubmit" classname="com.STTA.testCases.TC_DiifBetweenSubmitAndClick_007" time="7.58"/>
  <testcase name="testObjectRepositoryUsingPropertiesFile" classname="com.STTA.testCases.TC_ObjectRepositoryUsingPropertiesFile_016" time="5.23"/>
  <testcase name="testGetOrExtractAllLinksFromWebPage" classname="com.STTA.testCases.TC_GetOrExtractAllLinksFromWebPage_017" time="6.616"/>
  <testcase name="testExtractingAllTextFieldsFromWebPage" classname="com.STTA.testCases.TC_ExtractingAllTextFieldsFromWebPage_018" time="9.012"/>
  <testcase name="testMethod" classname="com.STTA.testCases.TC_ExtractingAllTextFieldsFromWebPage_018" time="0"/>
  <testcase name="testExtractOrReadTableData" classname="com.STTA.testCases.TC_ExtractOrReadTableData_19" time="5.299"/>
  <testcase name="testmethodone" classname="com.STTA.testCases.TC_ExtractOrReadTableData_19" time="2.78"/>
  <testcase name="testHandleDynamicWebTable" classname="com.STTA.testCases.TC_HandleDynamicWebTable_020" time="4.511"/>
  <testcase name="testDDTorParameterization" classname="com.STTA.testCases.TC_ParameterizationOrDataDrivenTesting_022" time="20.691"/>
  <testcase name="testDragAndDropElementByPixelXY" classname="com.STTA.testCases.TC_DragAndDropElementByPixelXY_026" time="25.388"/>
  <testcase name="testAlertPopUpHandleNaveen" classname="com.STTA.testCases.TC_AlertPopUpHandleNaveen_027" time="8.575"/>
</testsuite>