<?xml version="1.0" encoding="UTF-8"?>
<testsuite name="TestSuite" time="173.092" tests="26" errors="0" skipped="0" failures="0">
  <properties>
    <property name="java.runtime.name" value="Java(TM) SE Runtime Environment"/>
    <property name="sun.boot.library.path" value="C:\Program Files\Java\jdk1.8.0_241\jre\bin"/>
    <property name="java.vm.version" value="25.241-b07"/>
    <property name="java.vm.vendor" value="Oracle Corporation"/>
    <property name="maven.multiModuleProjectDirectory" value="C:\Users\Venkatakrishna\Desktop\SoftwareTestingTutorialsandAutomation"/>
    <property name="java.vendor.url" value="http://java.oracle.com/"/>
    <property name="path.separator" value=";"/>
    <property name="guice.disable.misplaced.annotation.check" value="true"/>
    <property name="java.vm.name" value="Java HotSpot(TM) 64-Bit Server VM"/>
    <property name="file.encoding.pkg" value="sun.io"/>
    <property name="user.script" value=""/>
    <property name="user.country" value="US"/>
    <property name="sun.java.launcher" value="SUN_STANDARD"/>
    <property name="sun.os.patch.level" value=""/>
    <property name="java.vm.specification.name" value="Java Virtual Machine Specification"/>
    <property name="user.dir" value="C:\Users\Venkatakrishna\Desktop\SoftwareTestingTutorialsandAutomation"/>
    <property name="java.runtime.version" value="1.8.0_241-b07"/>
    <property name="java.awt.graphicsenv" value="sun.awt.Win32GraphicsEnvironment"/>
    <property name="java.endorsed.dirs" value="C:\Program Files\Java\jdk1.8.0_241\jre\lib\endorsed"/>
    <property name="os.arch" value="amd64"/>
    <property name="java.io.tmpdir" value="C:\Users\VENKAT~1\AppData\Local\Temp\"/>
    <property name="line.separator" value="&#10;"/>
    <property name="java.vm.specification.vendor" value="Oracle Corporation"/>
    <property name="user.variant" value=""/>
    <property name="os.name" value="Windows 10"/>
    <property name="classworlds.conf" value="C:\Users\user\Downloads\apache-maven-3.6.3-bin\apache-maven-3.6.3\bin\..\bin\m2.conf"/>
    <property name="sun.jnu.encoding" value="Cp1252"/>
    <property name="java.library.path" value="C:\Program Files\Java\jdk1.8.0_241\bin;C:\Windows\Sun\Java\bin;C:\Windows\system32;C:\Windows;C:/Program Files/Java/jre1.8.0_241/bin/server;C:/Program Files/Java/jre1.8.0_241/bin;C:/Program Files/Java/jre1.8.0_241/lib/amd64;C:\Program Files (x86)\Common Files\Oracle\Java\javapath;C:\Windows\system32;C:\Windows;C:\Windows\System32\Wbem;C:\Windows\System32\WindowsPowerShell\v1.0\;C:\Windows\System32\OpenSSH\;C:\Program Files\Java\jdk1.8.0_241\bin;C:\Users\user\Downloads\apache-maven-3.6.3-bin\apache-maven-3.6.3\bin;C:\Program Files\nodejs\;C:\Users\Venkatakrishna\AppData\Local\Microsoft\WindowsApps;;C:\Users\Venkatakrishna\AppData\Local\Programs\Microsoft VS Code\bin;C:\Users\Venkatakrishna\Downloads\eclipse-jee-photon-R-win32-x86_64\eclipse;;."/>
    <property name="maven.conf" value="C:\Users\user\Downloads\apache-maven-3.6.3-bin\apache-maven-3.6.3\bin\../conf"/>
    <property name="java.specification.name" value="Java Platform API Specification"/>
    <property name="java.class.version" value="52.0"/>
    <property name="sun.management.compiler" value="HotSpot 64-Bit Tiered Compilers"/>
    <property name="os.version" value="10.0"/>
    <property name="library.jansi.path" value="C:\Users\user\Downloads\apache-maven-3.6.3-bin\apache-maven-3.6.3\bin\..\lib\jansi-native"/>
    <property name="user.home" value="C:\Users\Venkatakrishna"/>
    <property name="user.timezone" value="Asia/Calcutta"/>
    <property name="java.awt.printerjob" value="sun.awt.windows.WPrinterJob"/>
    <property name="java.specification.version" value="1.8"/>
    <property name="file.encoding" value="Cp1252"/>
    <property name="user.name" value="Venkatakrishna"/>
    <property name="java.class.path" value="C:\Users\user\Downloads\apache-maven-3.6.3-bin\apache-maven-3.6.3\bin\..\boot\plexus-classworlds-2.6.0.jar"/>
    <property name="java.vm.specification.version" value="1.8"/>
    <property name="sun.arch.data.model" value="64"/>
    <property name="java.home" value="C:\Program Files\Java\jdk1.8.0_241\jre"/>
    <property name="sun.java.command" value="org.codehaus.plexus.classworlds.launcher.Launcher package"/>
    <property name="java.specification.vendor" value="Oracle Corporation"/>
    <property name="user.language" value="en"/>
    <property name="awt.toolkit" value="sun.awt.windows.WToolkit"/>
    <property name="java.vm.info" value="mixed mode"/>
    <property name="java.version" value="1.8.0_241"/>
    <property name="java.ext.dirs" value="C:\Program Files\Java\jdk1.8.0_241\jre\lib\ext;C:\Windows\Sun\Java\lib\ext"/>
    <property name="sun.boot.class.path" value="C:\Program Files\Java\jdk1.8.0_241\jre\lib\resources.jar;C:\Program Files\Java\jdk1.8.0_241\jre\lib\rt.jar;C:\Program Files\Java\jdk1.8.0_241\jre\lib\sunrsasign.jar;C:\Program Files\Java\jdk1.8.0_241\jre\lib\jsse.jar;C:\Program Files\Java\jdk1.8.0_241\jre\lib\jce.jar;C:\Program Files\Java\jdk1.8.0_241\jre\lib\charsets.jar;C:\Program Files\Java\jdk1.8.0_241\jre\lib\jfr.jar;C:\Program Files\Java\jdk1.8.0_241\jre\classes"/>
    <property name="sun.stderr.encoding" value="cp437"/>
    <property name="java.vendor" value="Oracle Corporation"/>
    <property name="maven.home" value="C:\Users\user\Downloads\apache-maven-3.6.3-bin\apache-maven-3.6.3\bin\.."/>
    <property name="file.separator" value="\"/>
    <property name="java.vendor.url.bug" value="http://bugreport.sun.com/bugreport/"/>
    <property name="sun.cpu.endian" value="little"/>
    <property name="sun.io.unicode.encoding" value="UnicodeLittle"/>
    <property name="sun.stdout.encoding" value="cp437"/>
    <property name="sun.desktop" value="windows"/>
    <property name="sun.cpu.isalist" value="amd64"/>
  </properties>
  <testcase name="testdragAndDrop" classname="com.STTA.testCases.TC_DragAndDropAnElement_001" time="7.194"/>
  <testcase name="LogIn_Test" classname="com.STTA.testCases.TC_DataproviderDDT_002" time="3.405"/>
  <testcase name="LogIn_Test" classname="com.STTA.testCases.TC_DataproviderDDT_002" time="1.76"/>
  <testcase name="LogIn_Test" classname="com.STTA.testCases.TC_DataproviderDDT_002" time="1.87"/>
  <testcase name="LogIn_Test" classname="com.STTA.testCases.TC_DataproviderDDT_002" time="1.666"/>
  <testcase name="testCal" classname="com.STTA.testCases.TC_IEBrowserSampleTest_003" time="4.673"/>
  <testcase name="testCheckbox" classname="com.STTA.testCases.TC_HandleCheckbox_004" time="4.21"/>
  <testcase name="testmethodone" classname="com.STTA.testCases.TC_HandleCheckbox_004" time="1.881"/>
  <testcase name="testBrowsercmds" classname="com.STTA.testCases.TC_NavigationCommands_005" time="10.385"/>
  <testcase name="testCaptureScreenshot" classname="com.STTA.testCases.TC_CaptureScreenShot_008" time="4.146"/>
  <testcase name="testGeneratingMouseHoverEventOnMainMenuToClickOnSubMenu" classname="com.STTA.testCases.TC_GeneratingMouseHoverEventOnMainMenuToClickOnSubMenu_009" time="3.907"/>
  <testcase name="testHandlingMultipleBrowserWindows" classname="com.STTA.testCases.TC_HandlingMultipleBrowserWindows_010" time="28.285"/>
  <testcase name="testHandlingJSAlerts" classname="com.STTA.testCases.TC_HandlingJSAlerts_012" time="14.802"/>
  <testcase name="testHighlightElement" classname="com.STTA.testCases.TC_HighlightElement_013" time="13.824"/>
  <testcase name="testReadingFontProperties" classname="com.STTA.testCases.TC_ReadingFontProperties_014" time="3.456"/>
  <testcase name="testDiffBetFindElementAndFindElements" classname="com.STTA.testCases.TC_DiffBetFindElementAndFindElements_015" time="5.219"/>
  <testcase name="testDiffBetClickAndSubmit" classname="com.STTA.testCases.TC_DiifBetweenSubmitAndClick_007" time="5.192"/>
  <testcase name="testObjectRepositoryUsingPropertiesFile" classname="com.STTA.testCases.TC_ObjectRepositoryUsingPropertiesFile_016" time="4.766"/>
  <testcase name="testGetOrExtractAllLinksFromWebPage" classname="com.STTA.testCases.TC_GetOrExtractAllLinksFromWebPage_017" time="3.256"/>
  <testcase name="testExtractingAllTextFieldsFromWebPage" classname="com.STTA.testCases.TC_ExtractingAllTextFieldsFromWebPage_018" time="8.507"/>
  <testcase name="testMethod" classname="com.STTA.testCases.TC_ExtractingAllTextFieldsFromWebPage_018" time="0"/>
  <testcase name="testExtractOrReadTableData" classname="com.STTA.testCases.TC_ExtractOrReadTableData_19" time="3.807"/>
  <testcase name="testmethodone" classname="com.STTA.testCases.TC_ExtractOrReadTableData_19" time="1.591"/>
  <testcase name="testHandleDynamicWebTable" classname="com.STTA.testCases.TC_HandleDynamicWebTable_020" time="3.674"/>
  <testcase name="testDDTorParameterization" classname="com.STTA.testCases.TC_ParameterizationOrDataDrivenTesting_022" time="16.773"/>
  <testcase name="testDragAndDropElementByPixelXY" classname="com.STTA.testCases.TC_DragAndDropElementByPixelXY_026" time="20.139"/>
</testsuite>