<?xml version="1.0" encoding="UTF-8"?>
<!-- Generated by org.testng.reporters.JUnitReportReporter -->
<testsuite skipped="0" hostname="System" name="com.STTA.testCases.TC_DragAndDropAnElement_001" tests="1" failures="0" timestamp="01 Jul 2020 04:50:40 GMT" time="5.767" errors="0">
  <testcase name="testdragAndDrop" time="5.767" classname="com.STTA.testCases.TC_DragAndDropAnElement_001"/>
</testsuite> <!-- com.STTA.testCases.TC_DragAndDropAnElement_001 -->
