<?xml version="1.0" encoding="UTF-8"?>
<!-- Generated by org.testng.reporters.JUnitReportReporter -->
<testsuite skipped="0" hostname="System" name="com.STTA.testCases.TC_WebElementsDemo_031" tests="1" failures="0" timestamp="01 Jul 2020 04:50:40 GMT" time="7.725" errors="0">
  <testcase name="testWebElementsDemo" time="7.725" classname="com.STTA.testCases.TC_WebElementsDemo_031"/>
</testsuite> <!-- com.STTA.testCases.TC_WebElementsDemo_031 -->
