<?xml version="1.0" encoding="UTF-8"?>
<!-- Generated by org.testng.reporters.JUnitReportReporter -->
<testsuite skipped="0" hostname="System" name="com.STTA.testCases.TC_GetHeightAndWidthOfElement_033" tests="1" failures="0" timestamp="01 Jul 2020 05:06:00 GMT" time="5.101" errors="0">
  <testcase name="testGetHeightAndWidthOfElement" time="5.101" classname="com.STTA.testCases.TC_GetHeightAndWidthOfElement_033"/>
</testsuite> <!-- com.STTA.testCases.TC_GetHeightAndWidthOfElement_033 -->
