<?xml version="1.0" encoding="UTF-8"?>
<!-- Generated by org.testng.reporters.JUnitReportReporter -->
<testsuite skipped="0" hostname="System" name="com.STTA.testCases.TC_HighlightElement_013" tests="1" failures="0" timestamp="12 Apr 2020 15:24:20 GMT" time="17.699" errors="0">
  <testcase name="testHighlightElement" time="17.699" classname="com.STTA.testCases.TC_HighlightElement_013"/>
</testsuite> <!-- com.STTA.testCases.TC_HighlightElement_013 -->
