<?xml version="1.0" encoding="UTF-8"?>
<!-- Generated by org.testng.reporters.JUnitReportReporter -->
<testsuite skipped="0" hostname="System" name="com.STTA.testCases.TC_HandleCheckbox_004" tests="2" failures="0" timestamp="12 Apr 2020 15:24:20 GMT" time="8.087" errors="0">
  <testcase name="testCheckbox" time="4.800" classname="com.STTA.testCases.TC_HandleCheckbox_004"/>
  <testcase name="testmethodone" time="3.287" classname="com.STTA.testCases.TC_HandleCheckbox_004"/>
</testsuite> <!-- com.STTA.testCases.TC_HandleCheckbox_004 -->
