<?xml version="1.0" encoding="UTF-8"?>
<!-- Generated by org.testng.reporters.JUnitReportReporter -->
<testsuite skipped="0" hostname="System" name="com.STTA.testCases.TC_DragAndDropAnElement_001" tests="1" failures="0" timestamp="10 Apr 2020 08:24:16 GMT" time="9.083" errors="0">
  <testcase name="testdragAndDrop" time="9.083" classname="com.STTA.testCases.TC_DragAndDropAnElement_001"/>
</testsuite> <!-- com.STTA.testCases.TC_DragAndDropAnElement_001 -->
