<?xml version="1.0" encoding="UTF-8"?>
<!-- Generated by org.testng.reporters.JUnitReportReporter -->
<testsuite skipped="0" hostname="System" name="com.STTA.testCases.TC_CaptureScreenShot_008" tests="1" failures="0" timestamp="14 Apr 2020 15:21:05 GMT" time="3.931" errors="0">
  <testcase name="testCaptureScreenshot" time="3.931" classname="com.STTA.testCases.TC_CaptureScreenShot_008"/>
</testsuite> <!-- com.STTA.testCases.TC_CaptureScreenShot_008 -->
