<?xml version="1.0" encoding="UTF-8"?>
<!-- Generated by org.testng.reporters.JUnitReportReporter -->
<testsuite skipped="0" hostname="System" name="com.STTA.testCases.TC_NavigationCommands_005" tests="1" failures="0" timestamp="01 Jul 2020 04:50:40 GMT" time="15.676" errors="0">
  <testcase name="testBrowsercmds" time="15.676" classname="com.STTA.testCases.TC_NavigationCommands_005"/>
</testsuite> <!-- com.STTA.testCases.TC_NavigationCommands_005 -->
