<?xml version="1.0" encoding="UTF-8"?>
<!-- Generated by org.testng.reporters.JUnitReportReporter -->
<testsuite skipped="0" hostname="System" name="com.STTA.testCases.TC_DiifBetweenSubmitAndClick_007" tests="1" failures="0" timestamp="14 Apr 2020 15:21:05 GMT" time="9.672" errors="0">
  <testcase name="testDiffBetClickAndSubmit" time="9.672" classname="com.STTA.testCases.TC_DiifBetweenSubmitAndClick_007"/>
</testsuite> <!-- com.STTA.testCases.TC_DiifBetweenSubmitAndClick_007 -->
