<?xml version="1.0" encoding="UTF-8"?>
<!-- Generated by org.testng.reporters.JUnitReportReporter -->
<testsuite skipped="0" hostname="System" name="com.STTA.testCases.TC_DiffBetFindElementAndFindElements_015" tests="1" failures="0" timestamp="10 Apr 2020 08:24:16 GMT" time="2.684" errors="0">
  <testcase name="testDiffBetFindElementAndFindElements" time="2.684" classname="com.STTA.testCases.TC_DiffBetFindElementAndFindElements_015"/>
</testsuite> <!-- com.STTA.testCases.TC_DiffBetFindElementAndFindElements_015 -->
