<?xml version="1.0" encoding="UTF-8"?>
<!-- Generated by org.testng.reporters.JUnitReportReporter -->
<testsuite skipped="0" hostname="System" name="com.STTA.testCases.TC_ParameterizationOrDataDrivenTesting_022" tests="1" failures="0" timestamp="12 Apr 2020 15:24:20 GMT" time="23.794" errors="0">
  <testcase name="testDDTorParameterization" time="23.794" classname="com.STTA.testCases.TC_ParameterizationOrDataDrivenTesting_022"/>
</testsuite> <!-- com.STTA.testCases.TC_ParameterizationOrDataDrivenTesting_022 -->
