<?xml version="1.0" encoding="UTF-8"?>
<!-- Generated by org.testng.reporters.JUnitReportReporter -->
<testsuite skipped="0" hostname="System" name="com.STTA.testCases.TC_HighlightElement_013" tests="1" failures="0" timestamp="15 Apr 2020 17:06:31 GMT" time="19.167" errors="0">
  <testcase name="testHighlightElement" time="19.167" classname="com.STTA.testCases.TC_HighlightElement_013"/>
</testsuite> <!-- com.STTA.testCases.TC_HighlightElement_013 -->
