<?xml version="1.0" encoding="UTF-8"?>
<!-- Generated by org.testng.reporters.JUnitReportReporter -->
<testsuite skipped="0" hostname="System" name="com.STTA.testCases.TC_GeneratingMouseHoverEventOnMainMenuToClickOnSubMenu_009" tests="1" failures="0" timestamp="01 Jul 2020 04:50:40 GMT" time="8.688" errors="0">
  <testcase name="testGeneratingMouseHoverEventOnMainMenuToClickOnSubMenu" time="8.688" classname="com.STTA.testCases.TC_GeneratingMouseHoverEventOnMainMenuToClickOnSubMenu_009"/>
</testsuite> <!-- com.STTA.testCases.TC_GeneratingMouseHoverEventOnMainMenuToClickOnSubMenu_009 -->
