<?xml version="1.0" encoding="UTF-8"?>
<!-- Generated by org.testng.reporters.JUnitReportReporter -->
<testsuite skipped="0" hostname="System" name="com.STTA.testCases.TC_AlertPopUpHandleNaveen_027" tests="1" failures="0" timestamp="01 Jul 2020 04:50:40 GMT" time="12.928" errors="0">
  <testcase name="testAlertPopUpHandleNaveen" time="12.928" classname="com.STTA.testCases.TC_AlertPopUpHandleNaveen_027"/>
</testsuite> <!-- com.STTA.testCases.TC_AlertPopUpHandleNaveen_027 -->
