<?xml version="1.0" encoding="UTF-8"?>
<!-- Generated by org.testng.reporters.JUnitReportReporter -->
<testsuite skipped="0" hostname="System" name="com.STTA.testCases.TC_HandlingDoubleClickAction_029" tests="1" failures="0" timestamp="04 Sep 2020 10:58:10 GMT" time="16.616" errors="0">
  <testcase name="testHandlingDoubleClickAction" time="16.616" classname="com.STTA.testCases.TC_HandlingDoubleClickAction_029"/>
</testsuite> <!-- com.STTA.testCases.TC_HandlingDoubleClickAction_029 -->
