<?xml version="1.0" encoding="UTF-8"?>
<!-- Generated by org.testng.reporters.JUnitReportReporter -->
<testsuite skipped="0" hostname="System" name="com.STTA.testCases.TC_DiffBetFindElementAndFindElements_015" tests="1" failures="0" timestamp="04 Sep 2020 10:58:10 GMT" time="5.756" errors="0">
  <testcase name="testDiffBetFindElementAndFindElements" time="5.756" classname="com.STTA.testCases.TC_DiffBetFindElementAndFindElements_015"/>
</testsuite> <!-- com.STTA.testCases.TC_DiffBetFindElementAndFindElements_015 -->
