<?xml version="1.0" encoding="UTF-8"?>
<!-- Generated by org.testng.reporters.JUnitReportReporter -->
<testsuite skipped="0" hostname="System" name="com.STTA.testCases.TC_HandlingJSAlerts_012" tests="1" failures="0" timestamp="21 Apr 2020 10:18:48 GMT" time="12.418" errors="0">
  <testcase name="testHandlingJSAlerts" time="12.418" classname="com.STTA.testCases.TC_HandlingJSAlerts_012"/>
</testsuite> <!-- com.STTA.testCases.TC_HandlingJSAlerts_012 -->
