<?xml version="1.0" encoding="UTF-8"?>
<!-- Generated by org.testng.reporters.JUnitReportReporter -->
<testsuite skipped="0" hostname="System" name="com.STTA.testCases.TC_HandlingJSAlerts_012" tests="1" failures="0" timestamp="14 Apr 2020 09:02:46 GMT" time="16.963" errors="0">
  <testcase name="testHandlingJSAlerts" time="16.963" classname="com.STTA.testCases.TC_HandlingJSAlerts_012"/>
</testsuite> <!-- com.STTA.testCases.TC_HandlingJSAlerts_012 -->
