<?xml version="1.0" encoding="UTF-8"?>
<!-- Generated by org.testng.reporters.JUnitReportReporter -->
<testsuite skipped="0" hostname="System" name="com.STTA.testCases.TC_DiifBetweenSubmitAndClick_007" tests="1" failures="0" timestamp="04 Sep 2020 10:58:10 GMT" time="3.652" errors="0">
  <testcase name="testDiffBetClickAndSubmit" time="3.652" classname="com.STTA.testCases.TC_DiifBetweenSubmitAndClick_007"/>
</testsuite> <!-- com.STTA.testCases.TC_DiifBetweenSubmitAndClick_007 -->
