<?xml version="1.0" encoding="UTF-8"?>
<!-- Generated by org.testng.reporters.JUnitReportReporter -->
<testsuite skipped="0" hostname="System" name="com.STTA.testCases.TC_CaptureScreenShot_008" tests="1" failures="0" timestamp="14 Apr 2020 19:41:38 GMT" time="5.870" errors="0">
  <testcase name="testCaptureScreenshot" time="5.870" classname="com.STTA.testCases.TC_CaptureScreenShot_008"/>
</testsuite> <!-- com.STTA.testCases.TC_CaptureScreenShot_008 -->
