<?xml version="1.0" encoding="UTF-8"?>
<!-- Generated by org.testng.reporters.JUnitReportReporter -->
<testsuite skipped="0" hostname="System" name="com.STTA.testCases.TC_HandleCheckbox_004" tests="2" failures="0" timestamp="14 Apr 2020 19:41:38 GMT" time="8.281" errors="0">
  <testcase name="testmethodone" time="2.581" classname="com.STTA.testCases.TC_HandleCheckbox_004"/>
  <testcase name="testCheckbox" time="5.700" classname="com.STTA.testCases.TC_HandleCheckbox_004"/>
</testsuite> <!-- com.STTA.testCases.TC_HandleCheckbox_004 -->
