<?xml version="1.0" encoding="UTF-8"?>
<!-- Generated by org.testng.reporters.JUnitReportReporter -->
<testsuite skipped="0" hostname="System" name="com.STTA.testCases.TC_GetHeightAndWidthOfElement_033" tests="1" failures="0" timestamp="04 Sep 2020 10:58:09 GMT" time="8.938" errors="0">
  <testcase name="testGetHeightAndWidthOfElement" time="8.938" classname="com.STTA.testCases.TC_GetHeightAndWidthOfElement_033"/>
</testsuite> <!-- com.STTA.testCases.TC_GetHeightAndWidthOfElement_033 -->
