<?xml version="1.0" encoding="UTF-8"?>
<!-- Generated by org.testng.reporters.JUnitReportReporter -->
<testsuite skipped="0" hostname="System" name="com.STTA.testCases.TC_GeneratingMouseHoverEventOnMainMenuToClickOnSubMenu_009" tests="1" failures="0" timestamp="14 Apr 2020 09:02:46 GMT" time="4.924" errors="0">
  <testcase name="testGeneratingMouseHoverEventOnMainMenuToClickOnSubMenu" time="4.924" classname="com.STTA.testCases.TC_GeneratingMouseHoverEventOnMainMenuToClickOnSubMenu_009"/>
</testsuite> <!-- com.STTA.testCases.TC_GeneratingMouseHoverEventOnMainMenuToClickOnSubMenu_009 -->
