<?xml version="1.0" encoding="UTF-8"?>
<!-- Generated by org.testng.reporters.JUnitReportReporter -->
<testsuite skipped="0" hostname="System" name="com.STTA.testCases.TC_DiifBetweenSubmitAndClick_007" tests="1" failures="0" timestamp="15 Apr 2020 17:27:16 GMT" time="6.879" errors="0">
  <testcase name="testDiffBetClickAndSubmit" time="6.879" classname="com.STTA.testCases.TC_DiifBetweenSubmitAndClick_007"/>
</testsuite> <!-- com.STTA.testCases.TC_DiifBetweenSubmitAndClick_007 -->
