<?xml version="1.0" encoding="UTF-8"?>
<!-- Generated by org.testng.reporters.JUnitReportReporter -->
<testsuite skipped="0" hostname="System" name="com.STTA.testCases.TC_NavigationCommands_005" tests="1" failures="0" timestamp="10 Apr 2020 02:14:36 GMT" time="10.384" errors="0">
  <testcase name="testBrowsercmds" time="10.384" classname="com.STTA.testCases.TC_NavigationCommands_005"/>
</testsuite> <!-- com.STTA.testCases.TC_NavigationCommands_005 -->
