<?xml version="1.0" encoding="UTF-8"?>
<!-- Generated by org.testng.reporters.JUnitReportReporter -->
<testsuite skipped="0" hostname="System" name="com.STTA.testCases.TC_ExtractOrReadTableData_19" tests="2" failures="0" timestamp="15 Apr 2020 17:27:16 GMT" time="8.331" errors="0">
  <testcase name="testmethodone" time="3.637" classname="com.STTA.testCases.TC_ExtractOrReadTableData_19"/>
  <testcase name="testExtractOrReadTableData" time="4.694" classname="com.STTA.testCases.TC_ExtractOrReadTableData_19"/>
</testsuite> <!-- com.STTA.testCases.TC_ExtractOrReadTableData_19 -->
