<?xml version="1.0" encoding="UTF-8"?>
<!-- Generated by org.testng.reporters.JUnitReportReporter -->
<testsuite skipped="0" hostname="System" name="com.STTA.testCases.TC_ZoomInAndZoomOutPage_034" tests="1" failures="0" timestamp="04 Sep 2020 10:58:10 GMT" time="20.773" errors="0">
  <testcase name="testZoomInAndZoomOutPage" time="20.773" classname="com.STTA.testCases.TC_ZoomInAndZoomOutPage_034"/>
</testsuite> <!-- com.STTA.testCases.TC_ZoomInAndZoomOutPage_034 -->
