<?xml version="1.0" encoding="UTF-8"?>
<!-- Generated by org.testng.reporters.JUnitReportReporter -->
<testsuite skipped="0" hostname="System" name="com.STTA.testCases.TC_ObjectRepositoryUsingPropertiesFile_016" tests="1" failures="0" timestamp="21 Apr 2020 10:18:48 GMT" time="5.229" errors="0">
  <testcase name="testObjectRepositoryUsingPropertiesFile" time="5.229" classname="com.STTA.testCases.TC_ObjectRepositoryUsingPropertiesFile_016"/>
</testsuite> <!-- com.STTA.testCases.TC_ObjectRepositoryUsingPropertiesFile_016 -->
