<?xml version="1.0" encoding="UTF-8"?>
<!-- Generated by org.testng.reporters.JUnitReportReporter -->
<testsuite skipped="0" hostname="System" name="com.STTA.testCases.TC_ExtractOrReadTableData_19" tests="2" failures="0" timestamp="21 Apr 2020 10:18:48 GMT" time="8.077" errors="0">
  <testcase name="testmethodone" time="2.777" classname="com.STTA.testCases.TC_ExtractOrReadTableData_19"/>
  <testcase name="testExtractOrReadTableData" time="5.300" classname="com.STTA.testCases.TC_ExtractOrReadTableData_19"/>
</testsuite> <!-- com.STTA.testCases.TC_ExtractOrReadTableData_19 -->
