<?xml version="1.0" encoding="UTF-8"?>
<!-- Generated by org.testng.reporters.JUnitReportReporter -->
<testsuite skipped="0" hostname="System" name="com.STTA.testCases.TC_IEBrowserSampleTest_003" tests="1" failures="0" timestamp="14 Apr 2020 09:02:46 GMT" time="4.653" errors="0">
  <testcase name="testCal" time="4.653" classname="com.STTA.testCases.TC_IEBrowserSampleTest_003"/>
</testsuite> <!-- com.STTA.testCases.TC_IEBrowserSampleTest_003 -->
