<?xml version="1.0" encoding="UTF-8"?>
<!-- Generated by org.testng.reporters.JUnitReportReporter -->
<testsuite skipped="0" hostname="System" name="com.STTA.testCases.TC_ReadingFontProperties_014" tests="1" failures="0" timestamp="10 Apr 2020 02:14:36 GMT" time="3.456" errors="0">
  <testcase name="testReadingFontProperties" time="3.456" classname="com.STTA.testCases.TC_ReadingFontProperties_014"/>
</testsuite> <!-- com.STTA.testCases.TC_ReadingFontProperties_014 -->
