<?xml version="1.0" encoding="UTF-8"?>
<!-- Generated by org.testng.reporters.JUnitReportReporter -->
<testsuite skipped="0" hostname="System" name="com.STTA.testCases.TC_DragAndDropAnElement_001" tests="1" failures="0" timestamp="04 Sep 2020 10:58:09 GMT" time="16.963" errors="0">
  <testcase name="testdragAndDrop" time="16.963" classname="com.STTA.testCases.TC_DragAndDropAnElement_001"/>
</testsuite> <!-- com.STTA.testCases.TC_DragAndDropAnElement_001 -->
